Using pre-set license
Built from '2023.1/staging' branch; Version is '2023.1.7f1 (4f4e359ec3fc) revision 5197365'; Using compiler version '192829333'; Build Type 'Release'
OS: 'Windows 10  (10.0.19045) 64bit Core' Language: 'en' Physical Memory: 32173 MB
BatchMode: 1, IsHumanControllingUs: 0, StartBugReporterOnCrash: 0, Is64bit: 1, IsPro: 1

COMMAND LINE ARGUMENTS:
C:\Program Files\Unity\Hub\Editor\2023.1.7f1\Editor\Unity.exe
-adb2
-batchMode
-noUpm
-name
AssetImportWorker0
-projectPath
C:/Users/JoRos/Github/ContinuingEducation/Unity/NewAiIdeas
-logFile
Logs/AssetImportWorker0.log
-srvPort
61367
Successfully changed project path to: C:/Users/JoRos/Github/ContinuingEducation/Unity/NewAiIdeas
C:/Users/JoRos/Github/ContinuingEducation/Unity/NewAiIdeas
[UnityMemory] Configuration Parameters - Can be set up in boot.config
    "memorysetup-bucket-allocator-granularity=16"
    "memorysetup-bucket-allocator-bucket-count=8"
    "memorysetup-bucket-allocator-block-size=33554432"
    "memorysetup-bucket-allocator-block-count=8"
    "memorysetup-main-allocator-block-size=16777216"
    "memorysetup-thread-allocator-block-size=16777216"
    "memorysetup-gfx-main-allocator-block-size=16777216"
    "memorysetup-gfx-thread-allocator-block-size=16777216"
    "memorysetup-cache-allocator-block-size=4194304"
    "memorysetup-typetree-allocator-block-size=2097152"
    "memorysetup-profiler-bucket-allocator-granularity=16"
    "memorysetup-profiler-bucket-allocator-bucket-count=8"
    "memorysetup-profiler-bucket-allocator-block-size=33554432"
    "memorysetup-profiler-bucket-allocator-block-count=8"
    "memorysetup-profiler-allocator-block-size=16777216"
    "memorysetup-profiler-editor-allocator-block-size=1048576"
    "memorysetup-temp-allocator-size-main=16777216"
    "memorysetup-job-temp-allocator-block-size=2097152"
    "memorysetup-job-temp-allocator-block-size-background=1048576"
    "memorysetup-job-temp-allocator-reduction-small-platforms=262144"
    "memorysetup-allocator-temp-initial-block-size-main=262144"
    "memorysetup-allocator-temp-initial-block-size-worker=262144"
    "memorysetup-temp-allocator-size-background-worker=32768"
    "memorysetup-temp-allocator-size-job-worker=262144"
    "memorysetup-temp-allocator-size-preload-manager=33554432"
    "memorysetup-temp-allocator-size-nav-mesh-worker=65536"
    "memorysetup-temp-allocator-size-audio-worker=65536"
    "memorysetup-temp-allocator-size-cloud-worker=32768"
    "memorysetup-temp-allocator-size-gi-baking-worker=262144"
    "memorysetup-temp-allocator-size-gfx=262144"
Player connection [22936] Host "[IP] 10.1.10.172 [Port] 0 [Flags] 2 [Guid] 4039515635 [EditorId] 4039515635 [Version] 1048832 [Id] WindowsEditor(7,DESKTOP-LOPLVRK) [Debug] 1 [PackageName] WindowsEditor [ProjectName] Editor" joined multi-casting on [225.0.0.222:54997]...

Player connection [22936] Host "[IP] 10.1.10.172 [Port] 0 [Flags] 2 [Guid] 4039515635 [EditorId] 4039515635 [Version] 1048832 [Id] WindowsEditor(7,DESKTOP-LOPLVRK) [Debug] 1 [PackageName] WindowsEditor [ProjectName] Editor" joined alternative multi-casting on [225.0.0.222:34997]...

Library Redirect Path: Library/Refreshing native plugins compatible for Editor in 8.94 ms, found 3 plugins.
Preloading 0 native plugins for Editor in 0.00 ms.
Initialize engine version: 2023.1.7f1 (4f4e359ec3fc)
[Subsystems] Discovering subsystems at path C:/Program Files/Unity/Hub/Editor/2023.1.7f1/Editor/Data/Resources/UnitySubsystems
[Subsystems] Discovering subsystems at path C:/Users/JoRos/Github/ContinuingEducation/Unity/NewAiIdeas/Assets
GfxDevice: creating device client; threaded=0; jobified=0
Direct3D:
    Version:  Direct3D 11.0 [level 11.1]
    Renderer: NVIDIA GeForce RTX 2060 (ID=0x1f15)
    Vendor:   NVIDIA
    VRAM:     5968 MB
    Driver:   31.0.15.3667
Initialize mono
Mono path[0] = 'C:/Program Files/Unity/Hub/Editor/2023.1.7f1/Editor/Data/Managed'
Mono path[1] = 'C:/Program Files/Unity/Hub/Editor/2023.1.7f1/Editor/Data/MonoBleedingEdge/lib/mono/unityjit-win32'
Mono config path = 'C:/Program Files/Unity/Hub/Editor/2023.1.7f1/Editor/Data/MonoBleedingEdge/etc'
Using monoOptions --debugger-agent=transport=dt_socket,embedding=1,server=y,suspend=n,address=127.0.0.1:56248
Begin MonoManager ReloadAssembly
C:\build\output\Unity-Technologies\mono\mono\metadata\icall.c:1842:
C:\build\output\Unity-Technologies\mono\mono\metadata\icall.c:1842:
C:\build\output\Unity-Technologies\mono\mono\metadata\icall.c:1842:
C:\build\output\Unity-Technologies\mono\mono\metadata\icall.c:1842:
C:\build\output\Unity-Technologies\mono\mono\metadata\icall.c:1842:
C:\build\output\Unity-Technologies\mono\mono\metadata\icall.c:1842:
C:\build\output\Unity-Technologies\mono\mono\metadata\icall.c:1842:
C:\build\output\Unity-Technologies\mono\mono\metadata\icall.c:1842:
C:\build\output\Unity-Technologies\mono\mono\metadata\icall.c:1842:
C:\build\output\Unity-Technologies\mono\mono\metadata\icall.c:1842:
Registering precompiled unity dll's ...
Register platform support module: C:/Program Files/Unity/Hub/Editor/2023.1.7f1/Editor/Data/PlaybackEngines/WindowsStandaloneSupport/UnityEditor.WindowsStandalone.Extensions.dll
Register platform support module: C:/Program Files/Unity/Hub/Editor/2023.1.7f1/Editor/Data/PlaybackEngines/MetroSupport/UnityEditor.UWP.Extensions.dll
Register platform support module: C:/Program Files/Unity/Hub/Editor/2023.1.7f1/Editor/Data/PlaybackEngines/LinuxStandaloneSupport/UnityEditor.LinuxStandalone.Extensions.dll
Registered in 0.006376 seconds.
- Loaded All Assemblies, in  0.420 seconds
Native extension for LinuxStandalone target not found
Native extension for UWP target not found
Native extension for WindowsStandalone target not found
Mono: successfully reloaded assembly
C:\build\output\Unity-Technologies\mono\mono\metadata\icall.c:1842:
C:\build\output\Unity-Technologies\mono\mono\metadata\icall.c:1842:
- Finished resetting the current domain, in  0.379 seconds
Domain Reload Profiling: 797ms
	BeginReloadAssembly (133ms)
		ExecutionOrderSort (0ms)
		DisableScriptedObjects (0ms)
		BackupInstance (0ms)
		ReleaseScriptingObjects (0ms)
		CreateAndSetChildDomain (1ms)
	RebuildCommonClasses (41ms)
	RebuildNativeTypeToScriptingClass (12ms)
	initialDomainReloadingComplete (61ms)
	LoadAllAssembliesAndSetupDomain (170ms)
		LoadAssemblies (130ms)
		RebuildTransferFunctionScriptingTraits (0ms)
		AnalyzeDomain (164ms)
			TypeCache.Refresh (162ms)
				TypeCache.ScanAssembly (150ms)
			ScanForSourceGeneratedMonoScriptInfo (0ms)
			ResolveRequiredComponents (0ms)
	FinalizeReload (380ms)
		ReleaseScriptCaches (0ms)
		RebuildScriptCaches (0ms)
		SetupLoadedEditorAssemblies (330ms)
			LogAssemblyErrors (0ms)
			InitializePlatformSupportModulesInManaged (58ms)
			SetLoadedEditorAssemblies (6ms)
			BeforeProcessingInitializeOnLoad (8ms)
			ProcessInitializeOnLoadAttributes (197ms)
			ProcessInitializeOnLoadMethodAttributes (60ms)
			AfterProcessingInitializeOnLoad (0ms)
			EditorAssembliesLoaded (0ms)
		ExecutionOrderSort2 (0ms)
		AwakeInstancesAfterBackupRestoration (0ms)
========================================================================
Worker process is ready to serve import requests
Import Worker Mode flag is 0x00
Begin MonoManager ReloadAssembly
C:\build\output\Unity-Technologies\mono\mono\metadata\icall.c:1842:
C:\build\output\Unity-Technologies\mono\mono\metadata\icall.c:1842:
C:\build\output\Unity-Technologies\mono\mono\metadata\icall.c:1842:
C:\build\output\Unity-Technologies\mono\mono\metadata\icall.c:1842:
C:\build\output\Unity-Technologies\mono\mono\metadata\icall.c:1842:
C:\build\output\Unity-Technologies\mono\mono\metadata\icall.c:1842:
C:\build\output\Unity-Technologies\mono\mono\metadata\icall.c:1842:
C:\build\output\Unity-Technologies\mono\mono\metadata\icall.c:1842:
C:\build\output\Unity-Technologies\mono\mono\metadata\icall.c:1842:
C:\build\output\Unity-Technologies\mono\mono\metadata\icall.c:1842:
C:\build\output\Unity-Technologies\mono\mono\metadata\icall.c:1842:
C:\build\output\Unity-Technologies\mono\mono\metadata\icall.c:1842:
Symbol file LoadedFromMemory doesn't match image C:\Users\JoRos\Github\ContinuingEducation\Unity\NewAiIdeas\Library\PackageCache\com.unity.visualscripting@1.8.0\Editor\VisualScripting.Core\Dependencies\YamlDotNet\Unity.VisualScripting.YamlDotNet.dll
Symbol file LoadedFromMemory doesn't match image C:\Users\JoRos\Github\ContinuingEducation\Unity\NewAiIdeas\Library\PackageCache\com.unity.visualscripting@1.8.0\Editor\VisualScripting.Core\Dependencies\DotNetZip\Unity.VisualScripting.IonicZip.dll
- Loaded All Assemblies, in  1.060 seconds
Refreshing native plugins compatible for Editor in 2.47 ms, found 3 plugins.
Native extension for LinuxStandalone target not found
Native extension for UWP target not found
Native extension for WindowsStandalone target not found
Mono: successfully reloaded assembly
- Finished resetting the current domain, in  0.652 seconds
Domain Reload Profiling: 1709ms
	BeginReloadAssembly (314ms)
		ExecutionOrderSort (0ms)
		DisableScriptedObjects (7ms)
		BackupInstance (0ms)
		ReleaseScriptingObjects (0ms)
		CreateAndSetChildDomain (47ms)
	RebuildCommonClasses (38ms)
	RebuildNativeTypeToScriptingClass (12ms)
	initialDomainReloadingComplete (40ms)
	LoadAllAssembliesAndSetupDomain (652ms)
		LoadAssemblies (417ms)
		RebuildTransferFunctionScriptingTraits (0ms)
		AnalyzeDomain (339ms)
			TypeCache.Refresh (320ms)
				TypeCache.ScanAssembly (306ms)
			ScanForSourceGeneratedMonoScriptInfo (14ms)
			ResolveRequiredComponents (5ms)
	FinalizeReload (653ms)
		ReleaseScriptCaches (0ms)
		RebuildScriptCaches (0ms)
		SetupLoadedEditorAssemblies (459ms)
			LogAssemblyErrors (0ms)
			InitializePlatformSupportModulesInManaged (24ms)
			SetLoadedEditorAssemblies (6ms)
			BeforeProcessingInitializeOnLoad (124ms)
			ProcessInitializeOnLoadAttributes (274ms)
			ProcessInitializeOnLoadMethodAttributes (24ms)
			AfterProcessingInitializeOnLoad (6ms)
			EditorAssembliesLoaded (0ms)
		ExecutionOrderSort2 (0ms)
		AwakeInstancesAfterBackupRestoration (6ms)
Launched and connected shader compiler UnityShaderCompiler.exe after 0.03 seconds
Refreshing native plugins compatible for Editor in 3.32 ms, found 3 plugins.
Preloading 0 native plugins for Editor in 0.00 ms.
Unloading 3181 Unused Serialized files (Serialized files now loaded: 0)
Unloading 31 unused Assets / (53.0 KB). Loaded Objects now: 3759.
Memory consumption went from 143.4 MB to 143.4 MB.
Total: 6.012100 ms (FindLiveObjects: 0.466800 ms CreateObjectMapping: 0.309100 ms MarkObjects: 5.104400 ms  DeleteObjects: 0.130200 ms)

AssetImportParameters requested are different than current active one (requested -> active):
  custom:video-decoder-webm-vp8: 9c59270c3fd7afecdb556c50c9e8de78 -> 
  custom:audio-encoder-webm-vorbis: bf7c407c2cedff20999df2af8eb42d56 -> 
  custom:AudioImporter_EditorPlatform: d09bf68614088b80899f8185d706f6e7 -> 
  custom:audio-decoder-ogg-vorbis: bf7c407c2cedff20999df2af8eb42d56 -> 
  custom:video-encoder-webm-vp8: eb34c28f22e8b96e1ab97ce403110664 -> 
  custom:container-demuxer-ogg: 62fdf1f143b41e24485cea50d1cbac27 -> 
  custom:framework-win-MediaFoundation: 216162199b28c13a410421893ffa2e32 -> 
  custom:video-decoder-ogg-theora: a1e56fd34408186e4bbccfd4996cb3dc -> 
  custom:container-muxer-webm: aa71ff27fc2769a1b78a27578f13a17b -> 
  custom:CustomObjectIndexerAttribute: 756ad292c208cfabdd7b50bc23989ffe -> 
  custom:container-demuxer-webm: 4f35f7cbe854078d1ac9338744f61a02 -> 
========================================================================
Received Import Request.
  Time since last request: 738626.062902 seconds.
  path: Assets/Scripts/Units/UnitConfigs/BaseUnit.asset
  artifactKey: Guid(019754033a878c34986864cda67885e4) Importer(815301076,1909f56bfc062723c751e8b465ee728b)
Start importing Assets/Scripts/Units/UnitConfigs/BaseUnit.asset using Guid(019754033a878c34986864cda67885e4) Importer(815301076,1909f56bfc062723c751e8b465ee728b)  -> (artifact id: 'e19c18ed1367314c6e65d5e3d2ac373a') in 0.026671 seconds
Number of updated asset objects reloaded before import = 0
Number of asset objects unloaded after import = 25
========================================================================
Received Import Request.
  Time since last request: 45.118766 seconds.
  path: Assets/Scripts/Units/StealthArcherAI.cs
  artifactKey: Guid(88e2314fc0e635c4eb7da88217845217) Importer(815301076,1909f56bfc062723c751e8b465ee728b)
Start importing Assets/Scripts/Units/StealthArcherAI.cs using Guid(88e2314fc0e635c4eb7da88217845217) Importer(815301076,1909f56bfc062723c751e8b465ee728b)  -> (artifact id: '4010a764d0ffa947bd430758dd1b5699') in 0.000637 seconds
Number of updated asset objects reloaded before import = 0
Number of asset objects unloaded after import = 0
========================================================================
Received Prepare
Begin MonoManager ReloadAssembly
C:\build\output\Unity-Technologies\mono\mono\metadata\icall.c:1842:
C:\build\output\Unity-Technologies\mono\mono\metadata\icall.c:1842:
C:\build\output\Unity-Technologies\mono\mono\metadata\icall.c:1842:
C:\build\output\Unity-Technologies\mono\mono\metadata\icall.c:1842:
C:\build\output\Unity-Technologies\mono\mono\metadata\icall.c:1842:
C:\build\output\Unity-Technologies\mono\mono\metadata\icall.c:1842:
C:\build\output\Unity-Technologies\mono\mono\metadata\icall.c:1842:
C:\build\output\Unity-Technologies\mono\mono\metadata\icall.c:1842:
C:\build\output\Unity-Technologies\mono\mono\metadata\icall.c:1842:
C:\build\output\Unity-Technologies\mono\mono\metadata\icall.c:1842:
C:\build\output\Unity-Technologies\mono\mono\metadata\icall.c:1842:
C:\build\output\Unity-Technologies\mono\mono\metadata\icall.c:1842:
Symbol file LoadedFromMemory doesn't match image C:\Users\JoRos\Github\ContinuingEducation\Unity\NewAiIdeas\Library\PackageCache\com.unity.visualscripting@1.8.0\Editor\VisualScripting.Core\Dependencies\YamlDotNet\Unity.VisualScripting.YamlDotNet.dll
Symbol file LoadedFromMemory doesn't match image C:\Users\JoRos\Github\ContinuingEducation\Unity\NewAiIdeas\Library\PackageCache\com.unity.visualscripting@1.8.0\Editor\VisualScripting.Core\Dependencies\DotNetZip\Unity.VisualScripting.IonicZip.dll
- Loaded All Assemblies, in  2.044 seconds
Refreshing native plugins compatible for Editor in 4.33 ms, found 3 plugins.
Native extension for LinuxStandalone target not found
Native extension for UWP target not found
Native extension for WindowsStandalone target not found
Mono: successfully reloaded assembly
- Finished resetting the current domain, in  1.471 seconds
Domain Reload Profiling: 3507ms
	BeginReloadAssembly (257ms)
		ExecutionOrderSort (0ms)
		DisableScriptedObjects (9ms)
		BackupInstance (0ms)
		ReleaseScriptingObjects (0ms)
		CreateAndSetChildDomain (63ms)
	RebuildCommonClasses (47ms)
	RebuildNativeTypeToScriptingClass (13ms)
	initialDomainReloadingComplete (35ms)
	LoadAllAssembliesAndSetupDomain (1684ms)
		LoadAssemblies (652ms)
		RebuildTransferFunctionScriptingTraits (0ms)
		AnalyzeDomain (1145ms)
			TypeCache.Refresh (1113ms)
				TypeCache.ScanAssembly (1073ms)
			ScanForSourceGeneratedMonoScriptInfo (6ms)
			ResolveRequiredComponents (24ms)
	FinalizeReload (1472ms)
		ReleaseScriptCaches (0ms)
		RebuildScriptCaches (0ms)
		SetupLoadedEditorAssemblies (650ms)
			LogAssemblyErrors (0ms)
			InitializePlatformSupportModulesInManaged (35ms)
			SetLoadedEditorAssemblies (6ms)
			BeforeProcessingInitializeOnLoad (174ms)
			ProcessInitializeOnLoadAttributes (380ms)
			ProcessInitializeOnLoadMethodAttributes (49ms)
			AfterProcessingInitializeOnLoad (8ms)
			EditorAssembliesLoaded (0ms)
		ExecutionOrderSort2 (0ms)
		AwakeInstancesAfterBackupRestoration (10ms)
Refreshing native plugins compatible for Editor in 3.18 ms, found 3 plugins.
Preloading 0 native plugins for Editor in 0.00 ms.
Unloading 3160 Unused Serialized files (Serialized files now loaded: 0)
Unloading 23 unused Assets / (31.8 KB). Loaded Objects now: 3763.
Memory consumption went from 138.6 MB to 138.6 MB.
Total: 7.125600 ms (FindLiveObjects: 0.460100 ms CreateObjectMapping: 0.385200 ms MarkObjects: 6.186900 ms  DeleteObjects: 0.091100 ms)

Prepare: number of updated asset objects reloaded= 0
AssetImportParameters requested are different than current active one (requested -> active):
  custom:video-decoder-webm-vp8: 9c59270c3fd7afecdb556c50c9e8de78 -> 
  custom:audio-encoder-webm-vorbis: bf7c407c2cedff20999df2af8eb42d56 -> 
  custom:AudioImporter_EditorPlatform: d09bf68614088b80899f8185d706f6e7 -> 
  custom:audio-decoder-ogg-vorbis: bf7c407c2cedff20999df2af8eb42d56 -> 
  custom:video-encoder-webm-vp8: eb34c28f22e8b96e1ab97ce403110664 -> 
  custom:container-demuxer-ogg: 62fdf1f143b41e24485cea50d1cbac27 -> 
  custom:framework-win-MediaFoundation: 216162199b28c13a410421893ffa2e32 -> 
  custom:video-decoder-ogg-theora: a1e56fd34408186e4bbccfd4996cb3dc -> 
  custom:container-muxer-webm: aa71ff27fc2769a1b78a27578f13a17b -> 
  custom:CustomObjectIndexerAttribute: 756ad292c208cfabdd7b50bc23989ffe -> 
  custom:container-demuxer-webm: 4f35f7cbe854078d1ac9338744f61a02 -> 
========================================================================
Received Import Request.
  Time since last request: 41.938361 seconds.
  path: Assets/Scripts/Units/StealthArcherAI.cs
  artifactKey: Guid(88e2314fc0e635c4eb7da88217845217) Importer(815301076,1909f56bfc062723c751e8b465ee728b)
Start importing Assets/Scripts/Units/StealthArcherAI.cs using Guid(88e2314fc0e635c4eb7da88217845217) Importer(815301076,1909f56bfc062723c751e8b465ee728b)  -> (artifact id: '522785a8f76ac85e67e1fc165b57fbb9') in 0.002998 seconds
Number of updated asset objects reloaded before import = 0
Number of asset objects unloaded after import = 0
========================================================================
Received Import Request.
  Time since last request: 10014.860525 seconds.
  path: Assets/Scripts/Units/StealthArcherAI.cs
  artifactKey: Guid(88e2314fc0e635c4eb7da88217845217) Importer(815301076,1909f56bfc062723c751e8b465ee728b)
Start importing Assets/Scripts/Units/StealthArcherAI.cs using Guid(88e2314fc0e635c4eb7da88217845217) Importer(815301076,1909f56bfc062723c751e8b465ee728b)  -> (artifact id: '6be07db6f43824cd8fee254058f157c9') in 0.005602 seconds
Number of updated asset objects reloaded before import = 0
Number of asset objects unloaded after import = 0
========================================================================
Received Import Request.
  Time since last request: 583.423196 seconds.
  path: Assets/Scripts/Units/UnitScripts
  artifactKey: Guid(eb515523f6dac2e4e985a9d3b935d208) Importer(815301076,1909f56bfc062723c751e8b465ee728b)
Start importing Assets/Scripts/Units/UnitScripts using Guid(eb515523f6dac2e4e985a9d3b935d208) Importer(815301076,1909f56bfc062723c751e8b465ee728b)  -> (artifact id: 'dfb19f9a7d616ae457edae0ba2028521') in 0.001359 seconds
Number of updated asset objects reloaded before import = 0
Number of asset objects unloaded after import = 0
========================================================================
Received Import Request.
  Time since last request: 2.202668 seconds.
  path: Assets/Scripts/Units/ArcherUnit.cs
  artifactKey: Guid(55ed647007266c2449c398f0819d7207) Importer(815301076,1909f56bfc062723c751e8b465ee728b)
Start importing Assets/Scripts/Units/ArcherUnit.cs using Guid(55ed647007266c2449c398f0819d7207) Importer(815301076,1909f56bfc062723c751e8b465ee728b)  -> (artifact id: 'adec569135899a7afed8f837002c2db8') in 0.001422 seconds
Number of updated asset objects reloaded before import = 0
Number of asset objects unloaded after import = 0
========================================================================
Received Import Request.
  Time since last request: 61.737682 seconds.
  path: Assets/Scripts/Units/UnitScripts/StealthArcherUnit.cs
  artifactKey: Guid(bbe7cf0cb04edbb44a7303ca9a0e42e6) Importer(815301076,1909f56bfc062723c751e8b465ee728b)
Start importing Assets/Scripts/Units/UnitScripts/StealthArcherUnit.cs using Guid(bbe7cf0cb04edbb44a7303ca9a0e42e6) Importer(815301076,1909f56bfc062723c751e8b465ee728b)  -> (artifact id: '8465c25a633c6eab1cf43679ef4ddba6') in 0.002063 seconds
Number of updated asset objects reloaded before import = 0
Number of asset objects unloaded after import = 0
========================================================================
Received Import Request.
  Time since last request: 18.770067 seconds.
  path: Assets/Scripts/Units/UnitScripts/StealthArcherUnit.cs
  artifactKey: Guid(bbe7cf0cb04edbb44a7303ca9a0e42e6) Importer(815301076,1909f56bfc062723c751e8b465ee728b)
Start importing Assets/Scripts/Units/UnitScripts/StealthArcherUnit.cs using Guid(bbe7cf0cb04edbb44a7303ca9a0e42e6) Importer(815301076,1909f56bfc062723c751e8b465ee728b)  -> (artifact id: '9b0134a1d31c18c79dd5876f62557746') in 0.001415 seconds
Number of updated asset objects reloaded before import = 0
Number of asset objects unloaded after import = 0
========================================================================
Received Import Request.
  Time since last request: 229.277459 seconds.
  path: Assets/Scripts/Units/UnitScripts/BaseUnit.cs
  artifactKey: Guid(9d39f44a075bddd4c8b9c7834a325d61) Importer(815301076,1909f56bfc062723c751e8b465ee728b)
Start importing Assets/Scripts/Units/UnitScripts/BaseUnit.cs using Guid(9d39f44a075bddd4c8b9c7834a325d61) Importer(815301076,1909f56bfc062723c751e8b465ee728b)  -> (artifact id: '46990b1b0f685141847e143d5a540f9f') in 0.001405 seconds
Number of updated asset objects reloaded before import = 0
Number of asset objects unloaded after import = 0
========================================================================
Received Import Request.
  Time since last request: 31.314569 seconds.
  path: Assets/Scripts/Units/UnitScripts/BaseUnit.cs
  artifactKey: Guid(9d39f44a075bddd4c8b9c7834a325d61) Importer(815301076,1909f56bfc062723c751e8b465ee728b)
Start importing Assets/Scripts/Units/UnitScripts/BaseUnit.cs using Guid(9d39f44a075bddd4c8b9c7834a325d61) Importer(815301076,1909f56bfc062723c751e8b465ee728b)  -> (artifact id: 'cbba8535a10c456a0159bbdf4ddf782e') in 0.001403 seconds
Number of updated asset objects reloaded before import = 0
Number of asset objects unloaded after import = 0
========================================================================
Received Import Request.
  Time since last request: 107.300374 seconds.
  path: Assets/Scripts/Units/UnitScripts/BaseUnit.cs
  artifactKey: Guid(9d39f44a075bddd4c8b9c7834a325d61) Importer(815301076,1909f56bfc062723c751e8b465ee728b)
Start importing Assets/Scripts/Units/UnitScripts/BaseUnit.cs using Guid(9d39f44a075bddd4c8b9c7834a325d61) Importer(815301076,1909f56bfc062723c751e8b465ee728b)  -> (artifact id: '5bb0050552aaabaac88bb64e1622c22a') in 0.002507 seconds
Number of updated asset objects reloaded before import = 0
Number of asset objects unloaded after import = 0
========================================================================
Received Import Request.
  Time since last request: 986.275497 seconds.
  path: Assets/Scripts/Units/IUnitAction.cs
  artifactKey: Guid(576b46b8041ed7641a5f39f2f46881ac) Importer(815301076,1909f56bfc062723c751e8b465ee728b)
Start importing Assets/Scripts/Units/IUnitAction.cs using Guid(576b46b8041ed7641a5f39f2f46881ac) Importer(815301076,1909f56bfc062723c751e8b465ee728b)  -> (artifact id: '55db755d679eb87985a3c09a522037ee') in 0.001383 seconds
Number of updated asset objects reloaded before import = 0
Number of asset objects unloaded after import = 0
========================================================================
Received Import Request.
  Time since last request: 29.962726 seconds.
  path: Assets/Scripts/Units/UnitActions
  artifactKey: Guid(af915e26c742fa94aaa3de6f92397364) Importer(815301076,1909f56bfc062723c751e8b465ee728b)
Start importing Assets/Scripts/Units/UnitActions using Guid(af915e26c742fa94aaa3de6f92397364) Importer(815301076,1909f56bfc062723c751e8b465ee728b)  -> (artifact id: '5a419aebe2cfe7dc429ebcac5c0683c6') in 0.000880 seconds
Number of updated asset objects reloaded before import = 0
Number of asset objects unloaded after import = 0
========================================================================
Received Import Request.
  Time since last request: 70.957639 seconds.
  path: Assets/Scripts/Units/UnitActions/IUnitAction.cs
  artifactKey: Guid(576b46b8041ed7641a5f39f2f46881ac) Importer(815301076,1909f56bfc062723c751e8b465ee728b)
Start importing Assets/Scripts/Units/UnitActions/IUnitAction.cs using Guid(576b46b8041ed7641a5f39f2f46881ac) Importer(815301076,1909f56bfc062723c751e8b465ee728b)  -> (artifact id: '371621afa678e389b12666efb09e2140') in 0.000955 seconds
Number of updated asset objects reloaded before import = 0
Number of asset objects unloaded after import = 0
========================================================================
Received Import Request.
  Time since last request: 137.804740 seconds.
  path: Assets/Scripts/Units/UnitActions/MoveToPositionAction.cs
  artifactKey: Guid(50ad1cf7989fe734ca07d71f95a6f6cf) Importer(815301076,1909f56bfc062723c751e8b465ee728b)
Start importing Assets/Scripts/Units/UnitActions/MoveToPositionAction.cs using Guid(50ad1cf7989fe734ca07d71f95a6f6cf) Importer(815301076,1909f56bfc062723c751e8b465ee728b)  -> (artifact id: 'f11c105414297206ae343af4a2be5df4') in 0.001202 seconds
Number of updated asset objects reloaded before import = 0
Number of asset objects unloaded after import = 0
========================================================================
Received Import Request.
  Time since last request: 29.225396 seconds.
  path: Assets/Scripts/Units/UnitActions/MoveToPositionAction.cs
  artifactKey: Guid(50ad1cf7989fe734ca07d71f95a6f6cf) Importer(815301076,1909f56bfc062723c751e8b465ee728b)
Start importing Assets/Scripts/Units/UnitActions/MoveToPositionAction.cs using Guid(50ad1cf7989fe734ca07d71f95a6f6cf) Importer(815301076,1909f56bfc062723c751e8b465ee728b)  -> (artifact id: 'f834019b6d891ebab9c584eda328b222') in 0.001223 seconds
Number of updated asset objects reloaded before import = 0
Number of asset objects unloaded after import = 0
========================================================================
Received Import Request.
  Time since last request: 433.232510 seconds.
  path: Assets/Scripts/Units/UnitActions/MoveToPositionAction.cs
  artifactKey: Guid(50ad1cf7989fe734ca07d71f95a6f6cf) Importer(815301076,1909f56bfc062723c751e8b465ee728b)
Start importing Assets/Scripts/Units/UnitActions/MoveToPositionAction.cs using Guid(50ad1cf7989fe734ca07d71f95a6f6cf) Importer(815301076,1909f56bfc062723c751e8b465ee728b)  -> (artifact id: '2ac4a6280f3ca32cd14ce9fea5981d5e') in 0.002234 seconds
Number of updated asset objects reloaded before import = 0
Number of asset objects unloaded after import = 0
========================================================================
Received Import Request.
  Time since last request: 1096.884399 seconds.
  path: Assets/Scripts/Units/UnitActions/MoveToTargetAction.cs
  artifactKey: Guid(ad68c572f46cf4543b1d7bc630743e3b) Importer(815301076,1909f56bfc062723c751e8b465ee728b)
Start importing Assets/Scripts/Units/UnitActions/MoveToTargetAction.cs using Guid(ad68c572f46cf4543b1d7bc630743e3b) Importer(815301076,1909f56bfc062723c751e8b465ee728b)  -> (artifact id: '1ff6bcf233194369343d28740c063446') in 0.001138 seconds
Number of updated asset objects reloaded before import = 0
Number of asset objects unloaded after import = 0
========================================================================
Received Import Request.
  Time since last request: 24.059498 seconds.
  path: Assets/Scripts/Units/UnitActions/MoveToTargetAction.cs
  artifactKey: Guid(ad68c572f46cf4543b1d7bc630743e3b) Importer(815301076,1909f56bfc062723c751e8b465ee728b)
Start importing Assets/Scripts/Units/UnitActions/MoveToTargetAction.cs using Guid(ad68c572f46cf4543b1d7bc630743e3b) Importer(815301076,1909f56bfc062723c751e8b465ee728b)  -> (artifact id: '51da93b2b288dfc05cc532a983260974') in 0.001036 seconds
Number of updated asset objects reloaded before import = 0
Number of asset objects unloaded after import = 0
========================================================================
Received Import Request.
  Time since last request: 645.103600 seconds.
  path: Assets/Scripts/Units/UnitActions/IUnitAction.cs
  artifactKey: Guid(576b46b8041ed7641a5f39f2f46881ac) Importer(815301076,1909f56bfc062723c751e8b465ee728b)
Start importing Assets/Scripts/Units/UnitActions/IUnitAction.cs using Guid(576b46b8041ed7641a5f39f2f46881ac) Importer(815301076,1909f56bfc062723c751e8b465ee728b)  -> (artifact id: 'a58780f2f7cb9905a43125604f2f5e8f') in 0.001381 seconds
Number of updated asset objects reloaded before import = 0
Number of asset objects unloaded after import = 0
========================================================================
Received Import Request.
  Time since last request: 30.346114 seconds.
  path: Assets/Scripts/Units/UnitActions/AIAction.cs
  artifactKey: Guid(14288af1d1c21454c84c3da50d82e4e3) Importer(815301076,1909f56bfc062723c751e8b465ee728b)
Start importing Assets/Scripts/Units/UnitActions/AIAction.cs using Guid(14288af1d1c21454c84c3da50d82e4e3) Importer(815301076,1909f56bfc062723c751e8b465ee728b)  -> (artifact id: 'bbda3ce368a8709341c64ea20454e8af') in 0.001233 seconds
Number of updated asset objects reloaded before import = 0
Number of asset objects unloaded after import = 0
========================================================================
Received Import Request.
  Time since last request: 19.941576 seconds.
  path: Assets/Scripts/Units/UnitActions/AIAction.cs
  artifactKey: Guid(14288af1d1c21454c84c3da50d82e4e3) Importer(815301076,1909f56bfc062723c751e8b465ee728b)
Start importing Assets/Scripts/Units/UnitActions/AIAction.cs using Guid(14288af1d1c21454c84c3da50d82e4e3) Importer(815301076,1909f56bfc062723c751e8b465ee728b)  -> (artifact id: 'f7d2d2c729fffcb514175ab9608ae10c') in 0.001150 seconds
Number of updated asset objects reloaded before import = 0
Number of asset objects unloaded after import = 0
========================================================================
Received Import Request.
  Time since last request: 132.414139 seconds.
  path: Assets/Scripts/Units/UnitActions/AIContext.cs
  artifactKey: Guid(616fd4f50fb3a1742ac88850b14aa7ad) Importer(815301076,1909f56bfc062723c751e8b465ee728b)
Start importing Assets/Scripts/Units/UnitActions/AIContext.cs using Guid(616fd4f50fb3a1742ac88850b14aa7ad) Importer(815301076,1909f56bfc062723c751e8b465ee728b)  -> (artifact id: '443bb70ec4e2366817cb0996687d7a66') in 0.001316 seconds
Number of updated asset objects reloaded before import = 0
Number of asset objects unloaded after import = 0
========================================================================
Received Import Request.
  Time since last request: 24.766758 seconds.
  path: Assets/Scripts/Units/UnitActions/AIContext.cs
  artifactKey: Guid(616fd4f50fb3a1742ac88850b14aa7ad) Importer(815301076,1909f56bfc062723c751e8b465ee728b)
Start importing Assets/Scripts/Units/UnitActions/AIContext.cs using Guid(616fd4f50fb3a1742ac88850b14aa7ad) Importer(815301076,1909f56bfc062723c751e8b465ee728b)  -> (artifact id: 'db2697120095868b9484989d5b7d7147') in 0.001196 seconds
Number of updated asset objects reloaded before import = 0
Number of asset objects unloaded after import = 0
========================================================================
Received Import Request.
  Time since last request: 52.298738 seconds.
  path: Assets/Scripts/Units/UnitActions/AISelector.cs
  artifactKey: Guid(3dc60040817a6e749be743bbde025d1f) Importer(815301076,1909f56bfc062723c751e8b465ee728b)
Start importing Assets/Scripts/Units/UnitActions/AISelector.cs using Guid(3dc60040817a6e749be743bbde025d1f) Importer(815301076,1909f56bfc062723c751e8b465ee728b)  -> (artifact id: '745b8362d4aaadbf1742273a499719cc') in 0.001919 seconds
Number of updated asset objects reloaded before import = 0
Number of asset objects unloaded after import = 0
========================================================================
Received Import Request.
  Time since last request: 16.084586 seconds.
  path: Assets/Scripts/Units/UnitActions/AISelector.cs
  artifactKey: Guid(3dc60040817a6e749be743bbde025d1f) Importer(815301076,1909f56bfc062723c751e8b465ee728b)
Start importing Assets/Scripts/Units/UnitActions/AISelector.cs using Guid(3dc60040817a6e749be743bbde025d1f) Importer(815301076,1909f56bfc062723c751e8b465ee728b)  -> (artifact id: '3f7000cfeee0b1fc4eaa31092fbfa341') in 0.001731 seconds
Number of updated asset objects reloaded before import = 0
Number of asset objects unloaded after import = 0
========================================================================
Received Import Request.
  Time since last request: 88.366786 seconds.
  path: Assets/Scripts/Units/UnitActions/AIController.cs
  artifactKey: Guid(3b6630f898976884192daa0361eb89f5) Importer(815301076,1909f56bfc062723c751e8b465ee728b)
Start importing Assets/Scripts/Units/UnitActions/AIController.cs using Guid(3b6630f898976884192daa0361eb89f5) Importer(815301076,1909f56bfc062723c751e8b465ee728b)  -> (artifact id: '732d254a54c8e63be089e1662a69eda9') in 0.001342 seconds
Number of updated asset objects reloaded before import = 0
Number of asset objects unloaded after import = 0
========================================================================
Received Import Request.
  Time since last request: 29.022989 seconds.
  path: Assets/Scripts/Units/UnitActions/AIController.cs
  artifactKey: Guid(3b6630f898976884192daa0361eb89f5) Importer(815301076,1909f56bfc062723c751e8b465ee728b)
Start importing Assets/Scripts/Units/UnitActions/AIController.cs using Guid(3b6630f898976884192daa0361eb89f5) Importer(815301076,1909f56bfc062723c751e8b465ee728b)  -> (artifact id: '53f4c5b00e9484bed2706a19458cd4ae') in 0.001893 seconds
Number of updated asset objects reloaded before import = 0
Number of asset objects unloaded after import = 0
========================================================================
Received Import Request.
  Time since last request: 16.009555 seconds.
  path: Assets/Scripts/Units/UnitActions/AttackAction.cs
  artifactKey: Guid(638cd51c42f46c24f806175f220e1cf2) Importer(815301076,1909f56bfc062723c751e8b465ee728b)
Start importing Assets/Scripts/Units/UnitActions/AttackAction.cs using Guid(638cd51c42f46c24f806175f220e1cf2) Importer(815301076,1909f56bfc062723c751e8b465ee728b)  -> (artifact id: 'b23ccaa943e27f193572f853ad3db25b') in 0.002127 seconds
Number of updated asset objects reloaded before import = 0
Number of asset objects unloaded after import = 0
========================================================================
Received Import Request.
  Time since last request: 38.570776 seconds.
  path: Assets/Scripts/Units/UnitActions/AttackAction.cs
  artifactKey: Guid(638cd51c42f46c24f806175f220e1cf2) Importer(815301076,1909f56bfc062723c751e8b465ee728b)
Start importing Assets/Scripts/Units/UnitActions/AttackAction.cs using Guid(638cd51c42f46c24f806175f220e1cf2) Importer(815301076,1909f56bfc062723c751e8b465ee728b)  -> (artifact id: '751bf18989abc3e08f86559aeb32b2b3') in 0.001367 seconds
Number of updated asset objects reloaded before import = 0
Number of asset objects unloaded after import = 0
========================================================================
Received Import Request.
  Time since last request: 12.920290 seconds.
  path: Assets/Scripts/Units/UnitActions/ChaseAction.cs
  artifactKey: Guid(37d167642d074394a8154179cb742a7c) Importer(815301076,1909f56bfc062723c751e8b465ee728b)
Start importing Assets/Scripts/Units/UnitActions/ChaseAction.cs using Guid(37d167642d074394a8154179cb742a7c) Importer(815301076,1909f56bfc062723c751e8b465ee728b)  -> (artifact id: '4b76b364220395004111c846e6efede6') in 0.001890 seconds
Number of updated asset objects reloaded before import = 0
Number of asset objects unloaded after import = 0
========================================================================
Received Import Request.
  Time since last request: 27.825406 seconds.
  path: Assets/Scripts/Units/UnitActions/ChaseAction.cs
  artifactKey: Guid(37d167642d074394a8154179cb742a7c) Importer(815301076,1909f56bfc062723c751e8b465ee728b)
Start importing Assets/Scripts/Units/UnitActions/ChaseAction.cs using Guid(37d167642d074394a8154179cb742a7c) Importer(815301076,1909f56bfc062723c751e8b465ee728b)  -> (artifact id: '4055a68b66d7242a5e283cfcaa8d032e') in 0.001208 seconds
Number of updated asset objects reloaded before import = 0
Number of asset objects unloaded after import = 0
========================================================================
Received Import Request.
  Time since last request: 262.024818 seconds.
  path: Assets/Scripts/Units/UnitManager.cs
  artifactKey: Guid(6b49fa18baeba654ca75847287adf6c1) Importer(815301076,1909f56bfc062723c751e8b465ee728b)
Start importing Assets/Scripts/Units/UnitManager.cs using Guid(6b49fa18baeba654ca75847287adf6c1) Importer(815301076,1909f56bfc062723c751e8b465ee728b)  -> (artifact id: '702227e5c656eda7c8b569d9a2de58bc') in 0.001474 seconds
Number of updated asset objects reloaded before import = 0
Number of asset objects unloaded after import = 0
========================================================================
Received Import Request.
  Time since last request: 196.563178 seconds.
  path: Assets/Scripts/Units/UnitManager.cs
  artifactKey: Guid(6b49fa18baeba654ca75847287adf6c1) Importer(815301076,1909f56bfc062723c751e8b465ee728b)
Start importing Assets/Scripts/Units/UnitManager.cs using Guid(6b49fa18baeba654ca75847287adf6c1) Importer(815301076,1909f56bfc062723c751e8b465ee728b)  -> (artifact id: '05216c6eebdc9247b130d379f29a8867') in 0.000923 seconds
Number of updated asset objects reloaded before import = 0
Number of asset objects unloaded after import = 0
========================================================================
Received Import Request.
  Time since last request: 58.199334 seconds.
  path: Assets/Scripts/Units/UnitScripts/BaseUnit.cs
  artifactKey: Guid(9d39f44a075bddd4c8b9c7834a325d61) Importer(815301076,1909f56bfc062723c751e8b465ee728b)
Start importing Assets/Scripts/Units/UnitScripts/BaseUnit.cs using Guid(9d39f44a075bddd4c8b9c7834a325d61) Importer(815301076,1909f56bfc062723c751e8b465ee728b)  -> (artifact id: '2e3c817a2f5d3b4194fe5379c26bfc31') in 0.001357 seconds
Number of updated asset objects reloaded before import = 0
Number of asset objects unloaded after import = 0
========================================================================
Received Import Request.
  Time since last request: 409.077128 seconds.
  path: Assets/Prefabs/Unit.prefab
  artifactKey: Guid(57254f967391d5a428ac792e0bf9a603) Importer(815301076,1909f56bfc062723c751e8b465ee728b)
Start importing Assets/Prefabs/Unit.prefab using Guid(57254f967391d5a428ac792e0bf9a603) Importer(815301076,1909f56bfc062723c751e8b465ee728b)  -> (artifact id: 'cd7a141c3acc51642763a96024069ab6') in 0.303063 seconds
Number of updated asset objects reloaded before import = 0
Number of asset objects unloaded after import = 43
========================================================================
Received Import Request.
  Time since last request: 46.513982 seconds.
  path: Assets/Prefabs/Unit.prefab
  artifactKey: Guid(57254f967391d5a428ac792e0bf9a603) Importer(815301076,1909f56bfc062723c751e8b465ee728b)
Start importing Assets/Prefabs/Unit.prefab using Guid(57254f967391d5a428ac792e0bf9a603) Importer(815301076,1909f56bfc062723c751e8b465ee728b)  -> (artifact id: '09cff4fc167903353031d632ca8f800a') in 0.012100 seconds
Number of updated asset objects reloaded before import = 0
Number of asset objects unloaded after import = 43
========================================================================
Received Import Request.
  Time since last request: 1915.085112 seconds.
  path: Assets/Prefabs/Unit.prefab
  artifactKey: Guid(57254f967391d5a428ac792e0bf9a603) Importer(815301076,1909f56bfc062723c751e8b465ee728b)
Start importing Assets/Prefabs/Unit.prefab using Guid(57254f967391d5a428ac792e0bf9a603) Importer(815301076,1909f56bfc062723c751e8b465ee728b)  -> (artifact id: '5d261f4f51747646c3a940284f631b79') in 0.018365 seconds
Number of updated asset objects reloaded before import = 0
Number of asset objects unloaded after import = 43
========================================================================
Received Import Request.
  Time since last request: 24.917953 seconds.
  path: Assets/Prefabs/Unit.prefab
  artifactKey: Guid(57254f967391d5a428ac792e0bf9a603) Importer(815301076,1909f56bfc062723c751e8b465ee728b)
Start importing Assets/Prefabs/Unit.prefab using Guid(57254f967391d5a428ac792e0bf9a603) Importer(815301076,1909f56bfc062723c751e8b465ee728b)  -> (artifact id: 'ae5f536cfb48e2aa9c0cf9354b46d7b3') in 0.018366 seconds
Number of updated asset objects reloaded before import = 0
Number of asset objects unloaded after import = 43
========================================================================
Received Import Request.
  Time since last request: 302.945658 seconds.
  path: Assets/Prefabs/Unit.prefab
  artifactKey: Guid(57254f967391d5a428ac792e0bf9a603) Importer(815301076,1909f56bfc062723c751e8b465ee728b)
Start importing Assets/Prefabs/Unit.prefab using Guid(57254f967391d5a428ac792e0bf9a603) Importer(815301076,1909f56bfc062723c751e8b465ee728b)  -> (artifact id: '366306963e0878ecbad0710bc93eb49a') in 0.018338 seconds
Number of updated asset objects reloaded before import = 0
Number of asset objects unloaded after import = 43
========================================================================
Received Import Request.
  Time since last request: 31.217791 seconds.
  path: Assets/Prefabs/Unit.prefab
  artifactKey: Guid(57254f967391d5a428ac792e0bf9a603) Importer(815301076,1909f56bfc062723c751e8b465ee728b)
Start importing Assets/Prefabs/Unit.prefab using Guid(57254f967391d5a428ac792e0bf9a603) Importer(815301076,1909f56bfc062723c751e8b465ee728b)  -> (artifact id: '8d41443eac3cc70dc82468a033465fdc') in 0.011652 seconds
Number of updated asset objects reloaded before import = 0
Number of asset objects unloaded after import = 43
========================================================================
Received Import Request.
  Time since last request: 397.415921 seconds.
  path: Assets/Scripts/Units/UnitActions/SearchForTarget.cs
  artifactKey: Guid(1f90701d43bde1949921589931e48715) Importer(815301076,1909f56bfc062723c751e8b465ee728b)
Start importing Assets/Scripts/Units/UnitActions/SearchForTarget.cs using Guid(1f90701d43bde1949921589931e48715) Importer(815301076,1909f56bfc062723c751e8b465ee728b)  -> (artifact id: '8d1cabc089d679ba4b34b5b92fd834ff') in 0.001117 seconds
Number of updated asset objects reloaded before import = 0
Number of asset objects unloaded after import = 0
========================================================================
Received Import Request.
  Time since last request: 58.603674 seconds.
  path: Assets/Scripts/Units/UnitActions/SearchForTarget.cs
  artifactKey: Guid(1f90701d43bde1949921589931e48715) Importer(815301076,1909f56bfc062723c751e8b465ee728b)
Start importing Assets/Scripts/Units/UnitActions/SearchForTarget.cs using Guid(1f90701d43bde1949921589931e48715) Importer(815301076,1909f56bfc062723c751e8b465ee728b)  -> (artifact id: '0d41c7817f5938a13d4afa2aa83e34d7') in 0.000766 seconds
Number of updated asset objects reloaded before import = 0
Number of asset objects unloaded after import = 0
========================================================================
Received Import Request.
  Time since last request: 430.145346 seconds.
  path: Assets/Scripts/Units/UnitActions/SearchForTarget.cs
  artifactKey: Guid(1f90701d43bde1949921589931e48715) Importer(815301076,1909f56bfc062723c751e8b465ee728b)
Start importing Assets/Scripts/Units/UnitActions/SearchForTarget.cs using Guid(1f90701d43bde1949921589931e48715) Importer(815301076,1909f56bfc062723c751e8b465ee728b)  -> (artifact id: 'd48de92373a7efc480b4446383f08d5d') in 0.000799 seconds
Number of updated asset objects reloaded before import = 0
Number of asset objects unloaded after import = 0
========================================================================
Received Import Request.
  Time since last request: 12.425224 seconds.
  path: Assets/Scripts/Units/UnitActions/SearchForTarget.cs
  artifactKey: Guid(1f90701d43bde1949921589931e48715) Importer(815301076,1909f56bfc062723c751e8b465ee728b)
Start importing Assets/Scripts/Units/UnitActions/SearchForTarget.cs using Guid(1f90701d43bde1949921589931e48715) Importer(815301076,1909f56bfc062723c751e8b465ee728b)  -> (artifact id: 'f909f49576f2666bea675f2854a1d7c5') in 0.000620 seconds
Number of updated asset objects reloaded before import = 0
Number of asset objects unloaded after import = 0
